This is pdfTeX, Version 3.141592653-2.6-1.40.26 (MiKTeX 24.4) (preloaded format=pdflatex 2024.5.26)  23 SEP 2024 03:15
entering extended mode
 restricted \write18 enabled.
 file:line:error style messages enabled.
 %&-line parsing enabled.
**"f:/Cologne_Study Material/WS2024/Julia_Intensiveweek/julia-intensive-week/report/report.tex"
(f:/Cologne_Study Material/WS2024/Julia_Intensiveweek/julia-intensive-week/report/report.tex
LaTeX2e <2023-11-01> patch level 1
L3 programming layer <2024-04-11>
(C:\Users\slyro\AppData\Local\Programs\MiKTeX\tex/latex/base\article.cls
Document Class: article 2023/05/17 v1.4n Standard LaTeX document class
(C:\Users\slyro\AppData\Local\Programs\MiKTeX\tex/latex/base\size10.clo
File: size10.clo 2023/05/17 v1.4n Standard LaTeX file (size option)
)
\c@part=\count189
\c@section=\count190
\c@subsection=\count191
\c@subsubsection=\count192
\c@paragraph=\count193
\c@subparagraph=\count194
\c@figure=\count195
\c@table=\count196
\abovecaptionskip=\skip48
\belowcaptionskip=\skip49
\bibindent=\dimen140
) (C:\Users\slyro\AppData\Local\Programs\MiKTeX\tex/generic/babel\babel.sty
Package: babel 2024/04/20 v24.4 The Babel package
\babel@savecnt=\count197
\U@D=\dimen141
\l@unhyphenated=\language79
 (C:\Users\slyro\AppData\Local\Programs\MiKTeX\tex/generic/babel\txtbabel.def)
\bbl@readstream=\read2
\bbl@dirlevel=\count198

*************************************
* Local config file bblopts.cfg used
*
(C:\Users\slyro\AppData\Local\Programs\MiKTeX\tex/latex/arabi\bblopts.cfg
File: bblopts.cfg 2005/09/08 v0.1 add Arabic and Farsi to "declared" options of babel
) (C:\Users\slyro\AppData\Local\Programs\MiKTeX\tex/latex/babel-english\english.ldf
Language: english 2017/06/06 v3.3r English support from the babel system
Package babel Info: Hyphen rules for 'canadian' set to \l@english
(babel)             (\language0). Reported on input line 102.
Package babel Info: Hyphen rules for 'australian' set to \l@ukenglish
(babel)             (\language73). Reported on input line 105.
Package babel Info: Hyphen rules for 'newzealand' set to \l@ukenglish
(babel)             (\language73). Reported on input line 108.
)) (C:\Users\slyro\AppData\Local\Programs\MiKTeX\tex/generic/babel/locale/en\babel-english.tex
Package babel Info: Importing font and identification data for english
(babel)             from babel-en.ini. Reported on input line 11.
) (C:\Users\slyro\AppData\Local\Programs\MiKTeX\tex/latex/graphics\graphicx.sty
Package: graphicx 2021/09/16 v1.2d Enhanced LaTeX Graphics (DPC,SPQR)
 (C:\Users\slyro\AppData\Local\Programs\MiKTeX\tex/latex/graphics\keyval.sty
Package: keyval 2022/05/29 v1.15 key=value parser (DPC)
\KV@toks@=\toks17
) (C:\Users\slyro\AppData\Local\Programs\MiKTeX\tex/latex/graphics\graphics.sty
Package: graphics 2022/03/10 v1.4e Standard LaTeX Graphics (DPC,SPQR)
 (C:\Users\slyro\AppData\Local\Programs\MiKTeX\tex/latex/graphics\trig.sty
Package: trig 2021/08/11 v1.11 sin cos tan (DPC)
) (C:\Users\slyro\AppData\Local\Programs\MiKTeX\tex/latex/graphics-cfg\graphics.cfg
File: graphics.cfg 2016/06/04 v1.11 sample graphics configuration
)
Package graphics Info: Driver file: pdftex.def on input line 107.
 (C:\Users\slyro\AppData\Local\Programs\MiKTeX\tex/latex/graphics-def\pdftex.def
File: pdftex.def 2024/04/13 v1.2c Graphics/color driver for pdftex
))
\Gin@req@height=\dimen142
\Gin@req@width=\dimen143
) (C:\Users\slyro\AppData\Local\Programs\MiKTeX\tex/latex/blindtext\blindtext.sty
Package: blindtext 2012/01/06 V2.0 blindtext-Package
 (C:\Users\slyro\AppData\Local\Programs\MiKTeX\tex/latex/tools\xspace.sty
Package: xspace 2014/10/28 v1.13 Space after command names (DPC,MH)
)
\c@blindtext=\count199
\c@Blindtext=\count266
\c@blind@countparstart=\count267
\blind@countxx=\count268
\blindtext@numBlindtext=\count269
\blind@countyy=\count270
\c@blindlist=\count271
\c@blindlistlevel=\count272
\c@blindlist@level=\count273
\blind@listitem=\count274
\c@blind@listcount=\count275
\c@blind@levelcount=\count276
\blind@mathformula=\count277
\blind@Mathformula=\count278
\c@blind@randomcount=\count279
\c@blind@randommax=\count280
\c@blind@pangramcount=\count281
\c@blind@pangrammax=\count282
) (C:\Users\slyro\AppData\Local\Programs\MiKTeX\tex/latex/base\fontenc.sty
Package: fontenc 2021/04/29 v2.0v Standard LaTeX package
) (C:\Users\slyro\AppData\Local\Programs\MiKTeX\tex/latex/base\inputenc.sty
Package: inputenc 2021/02/14 v1.3d Input encoding file
\inpenc@prehook=\toks18
\inpenc@posthook=\toks19
) (C:\Users\slyro\AppData\Local\Programs\MiKTeX\tex/latex/geometry\geometry.sty
Package: geometry 2020/01/02 v5.9 Page Geometry
 (C:\Users\slyro\AppData\Local\Programs\MiKTeX\tex/generic/iftex\ifvtex.sty
Package: ifvtex 2019/10/25 v1.7 ifvtex legacy package. Use iftex instead.
 (C:\Users\slyro\AppData\Local\Programs\MiKTeX\tex/generic/iftex\iftex.sty
Package: iftex 2022/02/03 v1.0f TeX engine tests
))
\Gm@cnth=\count283
\Gm@cntv=\count284
\c@Gm@tempcnt=\count285
\Gm@bindingoffset=\dimen144
\Gm@wd@mp=\dimen145
\Gm@odd@mp=\dimen146
\Gm@even@mp=\dimen147
\Gm@layoutwidth=\dimen148
\Gm@layoutheight=\dimen149
\Gm@layouthoffset=\dimen150
\Gm@layoutvoffset=\dimen151
\Gm@dimlist=\toks20
 (C:\Users\slyro\AppData\Local\Programs\MiKTeX\tex/latex/geometry\geometry.cfg)) (C:\Users\slyro\AppData\Local\Programs\MiKTeX\tex/latex/amsmath\amsmath.sty
Package: amsmath 2023/05/13 v2.17o AMS math features
\@mathmargin=\skip50

For additional information on amsmath, use the `?' option.
(C:\Users\slyro\AppData\Local\Programs\MiKTeX\tex/latex/amsmath\amstext.sty
Package: amstext 2021/08/26 v2.01 AMS text
 (C:\Users\slyro\AppData\Local\Programs\MiKTeX\tex/latex/amsmath\amsgen.sty
File: amsgen.sty 1999/11/30 v2.0 generic functions
\@emptytoks=\toks21
\ex@=\dimen152
)) (C:\Users\slyro\AppData\Local\Programs\MiKTeX\tex/latex/amsmath\amsbsy.sty
Package: amsbsy 1999/11/29 v1.2d Bold Symbols
\pmbraise@=\dimen153
) (C:\Users\slyro\AppData\Local\Programs\MiKTeX\tex/latex/amsmath\amsopn.sty
Package: amsopn 2022/04/08 v2.04 operator names
)
\inf@bad=\count286
LaTeX Info: Redefining \frac on input line 234.
\uproot@=\count287
\leftroot@=\count288
LaTeX Info: Redefining \overline on input line 399.
LaTeX Info: Redefining \colon on input line 410.
\classnum@=\count289
\DOTSCASE@=\count290
LaTeX Info: Redefining \ldots on input line 496.
LaTeX Info: Redefining \dots on input line 499.
LaTeX Info: Redefining \cdots on input line 620.
\Mathstrutbox@=\box51
\strutbox@=\box52
LaTeX Info: Redefining \big on input line 722.
LaTeX Info: Redefining \Big on input line 723.
LaTeX Info: Redefining \bigg on input line 724.
LaTeX Info: Redefining \Bigg on input line 725.
\big@size=\dimen154
LaTeX Font Info:    Redeclaring font encoding OML on input line 743.
LaTeX Font Info:    Redeclaring font encoding OMS on input line 744.
\macc@depth=\count291
LaTeX Info: Redefining \bmod on input line 905.
LaTeX Info: Redefining \pmod on input line 910.
LaTeX Info: Redefining \smash on input line 940.
LaTeX Info: Redefining \relbar on input line 970.
LaTeX Info: Redefining \Relbar on input line 971.
\c@MaxMatrixCols=\count292
\dotsspace@=\muskip16
\c@parentequation=\count293
\dspbrk@lvl=\count294
\tag@help=\toks22
\row@=\count295
\column@=\count296
\maxfields@=\count297
\andhelp@=\toks23
\eqnshift@=\dimen155
\alignsep@=\dimen156
\tagshift@=\dimen157
\tagwidth@=\dimen158
\totwidth@=\dimen159
\lineht@=\dimen160
\@envbody=\toks24
\multlinegap=\skip51
\multlinetaggap=\skip52
\mathdisplay@stack=\toks25
LaTeX Info: Redefining \[ on input line 2953.
LaTeX Info: Redefining \] on input line 2954.
) (C:\Users\slyro\AppData\Local\Programs\MiKTeX\tex/latex/amsfonts\amssymb.sty
Package: amssymb 2013/01/14 v3.01 AMS font symbols
 (C:\Users\slyro\AppData\Local\Programs\MiKTeX\tex/latex/amsfonts\amsfonts.sty
Package: amsfonts 2013/01/14 v3.01 Basic AMSFonts support
\symAMSa=\mathgroup4
\symAMSb=\mathgroup5
LaTeX Font Info:    Redeclaring math symbol \hbar on input line 98.
LaTeX Font Info:    Overwriting math alphabet `\mathfrak' in version `bold'
(Font)                  U/euf/m/n --> U/euf/b/n on input line 106.
)) (C:\Users\slyro\AppData\Local\Programs\MiKTeX\tex/latex/jknappen\mathrsfs.sty
Package: mathrsfs 1996/01/01 Math RSFS package v1.0 (jk)
\symrsfs=\mathgroup6
) (C:\Users\slyro\AppData\Local\Programs\MiKTeX\tex/latex/amscls\amsthm.sty
Package: amsthm 2020/05/29 v2.20.6
\thm@style=\toks26
\thm@bodyfont=\toks27
\thm@headfont=\toks28
\thm@notefont=\toks29
\thm@headpunct=\toks30
\thm@preskip=\skip53
\thm@postskip=\skip54
\thm@headsep=\skip55
\dth@everypar=\toks31
) (C:\Users\slyro\AppData\Local\Programs\MiKTeX\tex/latex/listings\listings.sty
\lst@mode=\count298
\lst@gtempboxa=\box53
\lst@token=\toks32
\lst@length=\count299
\lst@currlwidth=\dimen161
\lst@column=\count300
\lst@pos=\count301
\lst@lostspace=\dimen162
\lst@width=\dimen163
\lst@newlines=\count302
\lst@lineno=\count303
\lst@maxwidth=\dimen164
 (C:\Users\slyro\AppData\Local\Programs\MiKTeX\tex/latex/listings\lstpatch.sty
File: lstpatch.sty 2024/03/11 1.10a (Carsten Heinz)
) (C:\Users\slyro\AppData\Local\Programs\MiKTeX\tex/latex/listings\lstmisc.sty
File: lstmisc.sty 2024/03/11 1.10a (Carsten Heinz)
\c@lstnumber=\count304
\lst@skipnumbers=\count305
\lst@framebox=\box54
) (C:\Users\slyro\AppData\Local\Programs\MiKTeX\tex/latex/listings\listings.cfg
File: listings.cfg 2024/03/11 1.10a listings configuration
))
Package: listings 2024/03/11 1.10a (Carsten Heinz)
 (C:\Users\slyro\AppData\Local\Programs\MiKTeX\tex/latex/caption\caption.sty
Package: caption 2023/08/05 v3.6o Customizing captions (AR)
 (C:\Users\slyro\AppData\Local\Programs\MiKTeX\tex/latex/caption\caption3.sty
Package: caption3 2023/07/31 v2.4d caption3 kernel (AR)
\caption@tempdima=\dimen165
\captionmargin=\dimen166
\caption@leftmargin=\dimen167
\caption@rightmargin=\dimen168
\caption@width=\dimen169
\caption@indent=\dimen170
\caption@parindent=\dimen171
\caption@hangindent=\dimen172
Package caption Info: Standard document class detected.
)
\c@caption@flags=\count306
\c@continuedfloat=\count307
Package caption Info: listings package is loaded.
) (C:\Users\slyro\AppData\Local\Programs\MiKTeX\tex/latex/booktabs\booktabs.sty
Package: booktabs 2020/01/12 v1.61803398 Publication quality tables
\heavyrulewidth=\dimen173
\lightrulewidth=\dimen174
\cmidrulewidth=\dimen175
\belowrulesep=\dimen176
\belowbottomsep=\dimen177
\aboverulesep=\dimen178
\abovetopsep=\dimen179
\cmidrulesep=\dimen180
\cmidrulekern=\dimen181
\defaultaddspace=\dimen182
\@cmidla=\count308
\@cmidlb=\count309
\@aboverulesep=\dimen183
\@belowrulesep=\dimen184
\@thisruleclass=\count310
\@lastruleclass=\count311
\@thisrulewidth=\dimen185
) (C:\Users\slyro\AppData\Local\Programs\MiKTeX\tex/latex/blkarray\blkarray.sty
Package: blkarray 2015/02/27 v0.07 Block array (dpc)
\c@BAenumi=\count312
\BA@col=\count313
\BA@block@cnt=\count314
\BA@final@box=\box55
\BA@first@box=\box56
\BA@colsep=\dimen186
\BA@ftn=\toks33
\BAextrarowheight=\dimen187
\BAextraheightafterhline=\dimen188
\BAarrayrulewidth=\dimen189
\BAdoublerulesep=\dimen190
\BAfootskip=\dimen191
\BA@dashbox=\box57
\BA@ddashbox=\box58
) (C:\Users\slyro\AppData\Local\Programs\MiKTeX\tex/latex/xcolor\xcolor.sty
Package: xcolor 2023/11/15 v3.01 LaTeX color extensions (UK)
 (C:\Users\slyro\AppData\Local\Programs\MiKTeX\tex/latex/graphics-cfg\color.cfg
File: color.cfg 2016/01/02 v1.6 sample color configuration
)
Package xcolor Info: Driver file: pdftex.def on input line 274.
 (C:\Users\slyro\AppData\Local\Programs\MiKTeX\tex/latex/graphics\mathcolor.ltx)
Package xcolor Info: Model `cmy' substituted by `cmy0' on input line 1350.
Package xcolor Info: Model `hsb' substituted by `rgb' on input line 1354.
Package xcolor Info: Model `RGB' extended on input line 1366.
Package xcolor Info: Model `HTML' substituted by `rgb' on input line 1368.
Package xcolor Info: Model `Hsb' substituted by `hsb' on input line 1369.
Package xcolor Info: Model `tHsb' substituted by `hsb' on input line 1370.
Package xcolor Info: Model `HSB' substituted by `hsb' on input line 1371.
Package xcolor Info: Model `Gray' substituted by `gray' on input line 1372.
Package xcolor Info: Model `wave' substituted by `hsb' on input line 1373.
) (C:\Users\slyro\AppData\Local\Programs\MiKTeX\tex/generic/soul\soul.sty
Package: soul 2023-06-14 v3.1 Permit use of UTF-8 characters in soul (HO)
 (C:\Users\slyro\AppData\Local\Programs\MiKTeX\tex/generic/soul\soul-ori.sty
Package: soul-ori 2023-06-14 v3.1 letterspacing/underlining (mf)
\SOUL@word=\toks34
\SOUL@lasttoken=\toks35
\SOUL@syllable=\toks36
\SOUL@cmds=\toks37
\SOUL@buffer=\toks38
\SOUL@token=\toks39
\SOUL@syllgoal=\dimen192
\SOUL@syllwidth=\dimen193
\SOUL@charkern=\dimen194
\SOUL@hyphkern=\dimen195
\SOUL@dimen=\dimen196
\SOUL@dimeni=\dimen197
\SOUL@minus=\count315
\SOUL@comma=\count316
\SOUL@apo=\count317
\SOUL@grave=\count318
\SOUL@spaceskip=\skip56
\SOUL@ttwidth=\dimen198
\SOUL@uldp=\dimen199
\SOUL@ulht=\dimen256
) (C:\Users\slyro\AppData\Local\Programs\MiKTeX\tex/generic/infwarerr\infwarerr.sty
Package: infwarerr 2019/12/03 v1.5 Providing info/warning/error messages (HO)
) (C:\Users\slyro\AppData\Local\Programs\MiKTeX\tex/generic/etexcmds\etexcmds.sty
Package: etexcmds 2019/12/15 v1.7 Avoid name clashes with e-TeX commands (HO)
)) (C:\Users\slyro\AppData\Local\Programs\MiKTeX\tex/latex/base\textcomp.sty
Package: textcomp 2020/02/02 v2.0n Standard LaTeX package
) (C:\Users\slyro\AppData\Local\Programs\MiKTeX\tex/latex/comment\comment.sty
\CommentStream=\write3
 Excluding comment 'comment') (C:\Users\slyro\AppData\Local\Programs\MiKTeX\tex/latex/mathtools\mathtools.sty
Package: mathtools 2024/03/11 v1.30 mathematical typesetting tools
 (C:\Users\slyro\AppData\Local\Programs\MiKTeX\tex/latex/tools\calc.sty
Package: calc 2023/07/08 v4.3 Infix arithmetic (KKT,FJ)
\calc@Acount=\count319
\calc@Bcount=\count320
\calc@Adimen=\dimen257
\calc@Bdimen=\dimen258
\calc@Askip=\skip57
\calc@Bskip=\skip58
LaTeX Info: Redefining \setlength on input line 80.
LaTeX Info: Redefining \addtolength on input line 81.
\calc@Ccount=\count321
\calc@Cskip=\skip59
) (C:\Users\slyro\AppData\Local\Programs\MiKTeX\tex/latex/mathtools\mhsetup.sty
Package: mhsetup 2021/03/18 v1.4 programming setup (MH)
)
\g_MT_multlinerow_int=\count322
\l_MT_multwidth_dim=\dimen259
\origjot=\skip60
\l_MT_shortvdotswithinadjustabove_dim=\dimen260
\l_MT_shortvdotswithinadjustbelow_dim=\dimen261
\l_MT_above_intertext_sep=\dimen262
\l_MT_below_intertext_sep=\dimen263
\l_MT_above_shortintertext_sep=\dimen264
\l_MT_below_shortintertext_sep=\dimen265
\xmathstrut@box=\box59
\xmathstrut@dim=\dimen266
) (C:\Users\slyro\AppData\Local\Programs\MiKTeX\tex/latex/tools\varioref.sty
Package: varioref 2022/01/09 v1.6f package for extended references (FMi)
\c@vrcnt=\count323
) (C:\Users\slyro\AppData\Local\Programs\MiKTeX\tex/latex/hyperref\hyperref.sty
Package: hyperref 2024-01-20 v7.01h Hypertext links for LaTeX
 (C:\Users\slyro\AppData\Local\Programs\MiKTeX\tex/latex/kvsetkeys\kvsetkeys.sty
Package: kvsetkeys 2022-10-05 v1.19 Key value parser (HO)
) (C:\Users\slyro\AppData\Local\Programs\MiKTeX\tex/generic/kvdefinekeys\kvdefinekeys.sty
Package: kvdefinekeys 2019-12-19 v1.6 Define keys (HO)
) (C:\Users\slyro\AppData\Local\Programs\MiKTeX\tex/generic/pdfescape\pdfescape.sty
Package: pdfescape 2019/12/09 v1.15 Implements pdfTeX's escape features (HO)
 (C:\Users\slyro\AppData\Local\Programs\MiKTeX\tex/generic/ltxcmds\ltxcmds.sty
Package: ltxcmds 2023-12-04 v1.26 LaTeX kernel commands for general use (HO)
) (C:\Users\slyro\AppData\Local\Programs\MiKTeX\tex/generic/pdftexcmds\pdftexcmds.sty
Package: pdftexcmds 2020-06-27 v0.33 Utility functions of pdfTeX for LuaTeX (HO)
Package pdftexcmds Info: \pdf@primitive is available.
Package pdftexcmds Info: \pdf@ifprimitive is available.
Package pdftexcmds Info: \pdfdraftmode found.
)) (C:\Users\slyro\AppData\Local\Programs\MiKTeX\tex/latex/hycolor\hycolor.sty
Package: hycolor 2020-01-27 v1.10 Color options for hyperref/bookmark (HO)
) (C:\Users\slyro\AppData\Local\Programs\MiKTeX\tex/latex/auxhook\auxhook.sty
Package: auxhook 2019-12-17 v1.6 Hooks for auxiliary files (HO)
) (C:\Users\slyro\AppData\Local\Programs\MiKTeX\tex/latex/hyperref\nameref.sty
Package: nameref 2023-11-26 v2.56 Cross-referencing by name of section
 (C:\Users\slyro\AppData\Local\Programs\MiKTeX\tex/latex/refcount\refcount.sty
Package: refcount 2019/12/15 v3.6 Data extraction from label references (HO)
) (C:\Users\slyro\AppData\Local\Programs\MiKTeX\tex/generic/gettitlestring\gettitlestring.sty
Package: gettitlestring 2019/12/15 v1.6 Cleanup title references (HO)
 (C:\Users\slyro\AppData\Local\Programs\MiKTeX\tex/latex/kvoptions\kvoptions.sty
Package: kvoptions 2022-06-15 v3.15 Key value format for package options (HO)
))
\c@section@level=\count324
) (C:\Users\slyro\AppData\Local\Programs\MiKTeX\tex/latex/etoolbox\etoolbox.sty
Package: etoolbox 2020/10/05 v2.5k e-TeX tools for LaTeX (JAW)
\etb@tempcnta=\count325
)
\@linkdim=\dimen267
\Hy@linkcounter=\count326
\Hy@pagecounter=\count327
 (C:\Users\slyro\AppData\Local\Programs\MiKTeX\tex/latex/hyperref\pd1enc.def
File: pd1enc.def 2024-01-20 v7.01h Hyperref: PDFDocEncoding definition (HO)
Now handling font encoding PD1 ...
... no UTF-8 mapping file for font encoding PD1
) (C:\Users\slyro\AppData\Local\Programs\MiKTeX\tex/generic/intcalc\intcalc.sty
Package: intcalc 2019/12/15 v1.3 Expandable calculations with integers (HO)
)
\Hy@SavedSpaceFactor=\count328
 (C:\Users\slyro\AppData\Local\Programs\MiKTeX\tex/latex/hyperref\puenc.def
File: puenc.def 2024-01-20 v7.01h Hyperref: PDF Unicode definition (HO)
Now handling font encoding PU ...
... no UTF-8 mapping file for font encoding PU
)
Package hyperref Info: Option `breaklinks' set `true' on input line 4062.
Package hyperref Info: Option `colorlinks' set `false' on input line 4062.
Package hyperref Info: Hyper figures OFF on input line 4179.
Package hyperref Info: Link nesting OFF on input line 4184.
Package hyperref Info: Hyper index ON on input line 4187.
Package hyperref Info: Plain pages OFF on input line 4194.
Package hyperref Info: Backreferencing OFF on input line 4199.
Package hyperref Info: Implicit mode ON; LaTeX internals redefined.
Package hyperref Info: Bookmarks ON on input line 4446.
\c@Hy@tempcnt=\count329
 (C:\Users\slyro\AppData\Local\Programs\MiKTeX\tex/latex/url\url.sty
\Urlmuskip=\muskip17
Package: url 2013/09/16  ver 3.4  Verb mode for urls, etc.
)
LaTeX Info: Redefining \url on input line 4784.
\XeTeXLinkMargin=\dimen268
 (C:\Users\slyro\AppData\Local\Programs\MiKTeX\tex/generic/bitset\bitset.sty
Package: bitset 2019/12/09 v1.3 Handle bit-vector datatype (HO)
 (C:\Users\slyro\AppData\Local\Programs\MiKTeX\tex/generic/bigintcalc\bigintcalc.sty
Package: bigintcalc 2019/12/15 v1.5 Expandable calculations on big integers (HO)
))
\Fld@menulength=\count330
\Field@Width=\dimen269
\Fld@charsize=\dimen270
Package hyperref Info: Hyper figures OFF on input line 6063.
Package hyperref Info: Link nesting OFF on input line 6068.
Package hyperref Info: Hyper index ON on input line 6071.
Package hyperref Info: backreferencing OFF on input line 6078.
Package hyperref Info: Link coloring OFF on input line 6083.
Package hyperref Info: Link coloring with OCG OFF on input line 6088.
Package hyperref Info: PDF/A mode OFF on input line 6093.
 (C:\Users\slyro\AppData\Local\Programs\MiKTeX\tex/latex/base\atbegshi-ltx.sty
Package: atbegshi-ltx 2021/01/10 v1.0c Emulation of the original atbegshi
package with kernel methods
)
\Hy@abspage=\count331
\c@Item=\count332
\c@Hfootnote=\count333
)
Package hyperref Info: Driver (autodetected): hpdftex.
 (C:\Users\slyro\AppData\Local\Programs\MiKTeX\tex/latex/hyperref\hpdftex.def
File: hpdftex.def 2024-01-20 v7.01h Hyperref driver for pdfTeX
 (C:\Users\slyro\AppData\Local\Programs\MiKTeX\tex/latex/base\atveryend-ltx.sty
Package: atveryend-ltx 2020/08/19 v1.0a Emulation of the original atveryend package
with kernel methods
)
\Fld@listcount=\count334
\c@bookmark@seq@number=\count335
 (C:\Users\slyro\AppData\Local\Programs\MiKTeX\tex/latex/rerunfilecheck\rerunfilecheck.sty
Package: rerunfilecheck 2022-07-10 v1.10 Rerun checks for auxiliary files (HO)
 (C:\Users\slyro\AppData\Local\Programs\MiKTeX\tex/generic/uniquecounter\uniquecounter.sty
Package: uniquecounter 2019/12/15 v1.4 Provide unlimited unique counter (HO)
)
Package uniquecounter Info: New unique counter `rerunfilecheck' on input line 285.
)
\Hy@SectionHShift=\skip61
) (C:\Users\slyro\AppData\Local\Programs\MiKTeX\tex/latex/cleveref\cleveref.sty
Package: cleveref 2018/03/27 v0.21.4 Intelligent cross-referencing
Package cleveref Info: `hyperref' support loaded on input line 2370.
LaTeX Info: Redefining \cref on input line 2370.
LaTeX Info: Redefining \Cref on input line 2370.
LaTeX Info: Redefining \crefrange on input line 2370.
LaTeX Info: Redefining \Crefrange on input line 2370.
LaTeX Info: Redefining \cpageref on input line 2370.
LaTeX Info: Redefining \Cpageref on input line 2370.
LaTeX Info: Redefining \cpagerefrange on input line 2370.
LaTeX Info: Redefining \Cpagerefrange on input line 2370.
LaTeX Info: Redefining \labelcref on input line 2370.
LaTeX Info: Redefining \labelcpageref on input line 2370.
Package cleveref Info: `varioref' support loaded on input line 2605.
Package cleveref Info: `cleveref' supersedes `varioref's \labelformatcommand on input line 2605.
LaTeX Info: Redefining \vref on input line 2605.
LaTeX Info: Redefining \Vref on input line 2605.
LaTeX Info: Redefining \vrefrange on input line 2605.
LaTeX Info: Redefining \fullref on input line 2605.
Package cleveref Info: `amsthm' support loaded on input line 3026.
Package cleveref Info: `listings' support loaded on input line 3131.
) (C:\Users\slyro\AppData\Local\Programs\MiKTeX\tex/latex/caption\subcaption.sty
Package: subcaption 2023/07/28 v1.6b Sub-captions (AR)
Package caption Info: New subtype `subfigure' on input line 238.
\c@subfigure=\count336
Package caption Info: New subtype `subtable' on input line 238.
\c@subtable=\count337
) (C:\Users\slyro\AppData\Local\Programs\MiKTeX\tex/latex/tools\enumerate.sty
Package: enumerate 2023/07/04 v3.00 enumerate extensions (DPC)
\@enLab=\toks40
) (C:\Users\slyro\AppData\Local\Programs\MiKTeX\tex/latex/algorithms\algorithm.sty
Package: algorithm 2009/08/24 v0.1 Document Style `algorithm' - floating environment
 (C:\Users\slyro\AppData\Local\Programs\MiKTeX\tex/latex/float\float.sty
Package: float 2001/11/08 v1.3d Float enhancements (AL)
\c@float@type=\count338
\float@exts=\toks41
\float@box=\box60
\@float@everytoks=\toks42
\@floatcapt=\box61
) (C:\Users\slyro\AppData\Local\Programs\MiKTeX\tex/latex/base\ifthen.sty
Package: ifthen 2022/04/13 v1.1d Standard LaTeX ifthen package (DPC)
)
\@float@every@algorithm=\toks43
\c@algorithm=\count339
) (C:\Users\slyro\AppData\Local\Programs\MiKTeX\tex/latex/algorithmicx\algpseudocode.sty
Package: algpseudocode 
 (C:\Users\slyro\AppData\Local\Programs\MiKTeX\tex/latex/algorithmicx\algorithmicx.sty
Package: algorithmicx 2005/04/27 v1.2 Algorithmicx

Document Style algorithmicx 1.2 - a greatly improved `algorithmic' style
\c@ALG@line=\count340
\c@ALG@rem=\count341
\c@ALG@nested=\count342
\ALG@tlm=\skip62
\ALG@thistlm=\skip63
\c@ALG@Lnr=\count343
\c@ALG@blocknr=\count344
\c@ALG@storecount=\count345
\c@ALG@tmpcounter=\count346
\ALG@tmplength=\skip64
)
Document Style - pseudocode environments for use with the `algorithmicx' style
) (C:\Users\slyro\AppData\Local\Programs\MiKTeX\tex/latex/setspace\setspace.sty
Package: setspace 2022/12/04 v6.7b set line spacing
) (C:\Users\slyro\AppData\Local\Programs\MiKTeX\tex/latex/dblfloatfix\dblfloatfix.sty
Package: dblfloatfix 2012/12/31 v1.0a (JAW)
 (C:\Users\slyro\AppData\Local\Programs\MiKTeX\tex/latex/base\fixltx2e.sty
Package: fixltx2e 2016/12/29 v2.1a fixes to LaTeX (obsolete)
Applying: [2015/01/01] Old fixltx2e package on input line 46.


Package fixltx2e Warning: fixltx2e is not required with releases after 2015
(fixltx2e)                All fixes are now in the LaTeX kernel.
(fixltx2e)                See the latexrelease package for details.

Already applied: [0000/00/00] Old fixltx2e package on input line 53.
)
\@dblbotnum=\count347
\c@dblbotnumber=\count348
) (C:\Users\slyro\AppData\Local\Programs\MiKTeX\tex/latex/l3backend\l3backend-pdftex.def
File: l3backend-pdftex.def 2024-04-11 L3 backend support: PDF output (pdfTeX)
\l__color_backend_stack_int=\count349
\l__pdf_internal_box=\box62
)

LaTeX Warning: Unused global option(s):
    [8pt].

(report.aux)
\openout1 = `report.aux'.

LaTeX Font Info:    Checking defaults for OML/cmm/m/it on input line 41.
LaTeX Font Info:    ... okay on input line 41.
LaTeX Font Info:    Checking defaults for OMS/cmsy/m/n on input line 41.
LaTeX Font Info:    ... okay on input line 41.
LaTeX Font Info:    Checking defaults for OT1/cmr/m/n on input line 41.
LaTeX Font Info:    ... okay on input line 41.
LaTeX Font Info:    Checking defaults for T1/cmr/m/n on input line 41.
LaTeX Font Info:    ... okay on input line 41.
LaTeX Font Info:    Checking defaults for TS1/cmr/m/n on input line 41.
LaTeX Font Info:    ... okay on input line 41.
LaTeX Font Info:    Checking defaults for OMX/cmex/m/n on input line 41.
LaTeX Font Info:    ... okay on input line 41.
LaTeX Font Info:    Checking defaults for U/cmr/m/n on input line 41.
LaTeX Font Info:    ... okay on input line 41.
LaTeX Font Info:    Checking defaults for PD1/pdf/m/n on input line 41.
LaTeX Font Info:    ... okay on input line 41.
LaTeX Font Info:    Checking defaults for PU/pdf/m/n on input line 41.
LaTeX Font Info:    ... okay on input line 41.
 (C:\Users\slyro\AppData\Local\Programs\MiKTeX\tex/context/base/mkii\supp-pdf.mkii
[Loading MPS to PDF converter (version 2006.09.02).]
\scratchcounter=\count350
\scratchdimen=\dimen271
\scratchbox=\box63
\nofMPsegments=\count351
\nofMParguments=\count352
\everyMPshowfont=\toks44
\MPscratchCnt=\count353
\MPscratchDim=\dimen272
\MPnumerator=\count354
\makeMPintoPDFobject=\count355
\everyMPtoPDFconversion=\toks45
) (C:\Users\slyro\AppData\Local\Programs\MiKTeX\tex/latex/epstopdf-pkg\epstopdf-base.sty
Package: epstopdf-base 2020-01-24 v2.11 Base part for package epstopdf
Package epstopdf-base Info: Redefining graphics rule for `.eps' on input line 485.
 (C:\Users\slyro\AppData\Local\Programs\MiKTeX\tex/latex/00miktex\epstopdf-sys.cfg
File: epstopdf-sys.cfg 2021/03/18 v2.0 Configuration of epstopdf for MiKTeX
))
*geometry* driver: auto-detecting
*geometry* detected driver: pdftex
*geometry* verbose mode - [ preamble ] result:
* driver: pdftex
* paper: a4paper
* layout: <same size as paper>
* layoutoffset:(h,v)=(0.0pt,0.0pt)
* modes: includehead includefoot 
* h-part:(L,W,R)=(28.45274pt, 540.60239pt, 28.45274pt)
* v-part:(T,H,B)=(28.45274pt, 788.14136pt, 28.45274pt)
* \paperwidth=597.50787pt
* \paperheight=845.04684pt
* \textwidth=540.60239pt
* \textheight=721.14136pt
* \oddsidemargin=-43.81725pt
* \evensidemargin=-43.81725pt
* \topmargin=-43.81725pt
* \headheight=12.0pt
* \headsep=25.0pt
* \topskip=10.0pt
* \footskip=30.0pt
* \marginparwidth=4.0pt
* \marginparsep=10.0pt
* \columnsep=19.91692pt
* \skip\footins=9.0pt plus 4.0pt minus 2.0pt
* \hoffset=0.0pt
* \voffset=0.0pt
* \mag=1000
* \@twocolumntrue
* \@twosidefalse
* \@mparswitchfalse
* \@reversemarginfalse
* (1in=72.27pt=25.4mm, 1cm=28.453pt)

\c@lstlisting=\count356
Package caption Info: Begin \AtBeginDocument code.
Package caption Info: float package is loaded.
Package caption Info: hyperref package is loaded.
Package caption Info: End \AtBeginDocument code.
Package hyperref Info: Link coloring OFF on input line 41.
(report.out) (report.out)
\@outlinefile=\write4
\openout4 = `report.out'.

LaTeX Font Info:    Trying to load font information for U+msa on input line 58.
 (C:\Users\slyro\AppData\Local\Programs\MiKTeX\tex/latex/amsfonts\umsa.fd
File: umsa.fd 2013/01/14 v3.01 AMS symbols A
)
LaTeX Font Info:    Trying to load font information for U+msb on input line 58.
 (C:\Users\slyro\AppData\Local\Programs\MiKTeX\tex/latex/amsfonts\umsb.fd
File: umsb.fd 2013/01/14 v3.01 AMS symbols B
)
LaTeX Font Info:    Trying to load font information for U+rsfs on input line 58.
 (C:\Users\slyro\AppData\Local\Programs\MiKTeX\tex/latex/jknappen\ursfs.fd
File: ursfs.fd 1998/03/24 rsfs font definition file (jk)
)
<images/uni_koeln.png, id=63, 1204.5pt x 1204.5pt>
File: images/uni_koeln.png Graphic file (type png)
<use images/uni_koeln.png>
Package pdftex.def Info: images/uni_koeln.png  used on input line 73.
(pdftex.def)             Requested size: 216.23764pt x 216.2309pt.
 [1


{C:/Users/slyro/AppData/Local/MiKTeX/fonts/map/pdftex/pdftex.map}{C:/Users/slyro/AppData/Local/Programs/MiKTeX/fonts/enc/dvips/cm-super/cm-super-t1.enc} <./images/uni_koeln.png>] (report.toc
Underfull \hbox (badness 10000) in paragraph at lines 3--3
 [] [][]\T1/cmr/bx/n/10 The Nor-mal-ized Non-lin-ear Frac-tional 
 []

)
\tf@toc=\write5
\openout5 = `report.toc'.


Underfull \hbox (badness 10000) in paragraph at lines 101--106

 []


Underfull \hbox (badness 2150) in paragraph at lines 107--118
[]\T1/cmr/m/n/10 The re-search for the Non-lin-ear Schrödinger Equa-tion
 []


Underfull \hbox (badness 10000) in paragraph at lines 127--133

 []

Package hyperref Info: bookmark level for unknown algorithm defaults to 0 on input line 144.

Underfull \hbox (badness 1087) in paragraph at lines 163--173
\T1/cmr/m/n/10 The Split-Step Fourier Method (SSFM) is an ef-fi-cient
 []


Underfull \hbox (badness 1845) in paragraph at lines 163--173
\T1/cmr/m/n/10 The al-go-rithm works by di-vid-ing the com-plex evo-lu-
 []


Underfull \hbox (badness 10000) in paragraph at lines 163--173

 []


pdfTeX warning (ext4): destination with the same identifier (name{page.1}) has been already used, duplicate ignored
<to be read again> 
                   \relax 
l.173 
       [1

{C:/Users/slyro/AppData/Local/Programs/MiKTeX/fonts/enc/dvips/cm-super/cm-super-ts1.enc}]

LaTeX Warning: `!h' float specifier changed to `!ht'.



pdfTeX warning: pdflatex (file ../figs/lse_evolution.pdf): PDF inclusion: found PDF version <1.7>, but at most version <1.5> allowed
<../figs/lse_evolution.pdf, id=116, 602.25pt x 451.6875pt>
File: ../figs/lse_evolution.pdf Graphic file (type pdf)
<use ../figs/lse_evolution.pdf>
Package pdftex.def Info: ../figs/lse_evolution.pdf  used on input line 213.
(pdftex.def)             Requested size: 260.34273pt x 195.26256pt.


pdfTeX warning: pdflatex (file ../figs/lse_heatmap.pdf): PDF inclusion: found PDF version <1.7>, but at most version <1.5> allowed
<../figs/lse_heatmap.pdf, id=117, 602.25pt x 451.6875pt>
File: ../figs/lse_heatmap.pdf Graphic file (type pdf)
<use ../figs/lse_heatmap.pdf>
Package pdftex.def Info: ../figs/lse_heatmap.pdf  used on input line 219.
(pdftex.def)             Requested size: 260.34273pt x 195.26256pt.

Underfull \hbox (badness 10000) in paragraph at lines 210--227

 []


LaTeX Warning: `h' float specifier changed to `ht'.


LaTeX Warning: `!h' float specifier changed to `!ht'.

[2 <../figs/lse_evolution.pdf> <../figs/lse_heatmap.pdf

pdfTeX warning: pdflatex (file ../figs/lse_heatmap.pdf): PDF inclusion: multiple pdfs with page group included in a single page
>]

pdfTeX warning: pdflatex (file ../figs/lse_comparison_heatmap.pdf): PDF inclusion: found PDF version <1.7>, but at most version <1.5> allowed
<../figs/lse_comparison_heatmap.pdf, id=182, 602.25pt x 451.6875pt>
File: ../figs/lse_comparison_heatmap.pdf Graphic file (type pdf)
<use ../figs/lse_comparison_heatmap.pdf>
Package pdftex.def Info: ../figs/lse_comparison_heatmap.pdf  used on input line 236.
(pdftex.def)             Requested size: 260.34273pt x 195.26256pt.


pdfTeX warning: pdflatex (file ../figs/lse_comparison_lineplot.pdf): PDF inclusion: found PDF version <1.7>, but at most version <1.5> allowed
<../figs/lse_comparison_lineplot.pdf, id=183, 602.25pt x 451.6875pt>
File: ../figs/lse_comparison_lineplot.pdf Graphic file (type pdf)
<use ../figs/lse_comparison_lineplot.pdf>
Package pdftex.def Info: ../figs/lse_comparison_lineplot.pdf  used on input line 251.
(pdftex.def)             Requested size: 260.34273pt x 195.26256pt.

Underfull \hbox (badness 10000) in paragraph at lines 263--263
[]\T1/cmr/bx/n/12 Nonlinear Schrödinger Equa-tion
 []



pdfTeX warning: pdflatex (file ../figs/nlse_evolution_00.pdf): PDF inclusion: found PDF version <1.7>, but at most version <1.5> allowed
<../figs/nlse_evolution_00.pdf, id=188, 602.25pt x 451.6875pt>
File: ../figs/nlse_evolution_00.pdf Graphic file (type pdf)
<use ../figs/nlse_evolution_00.pdf>
Package pdftex.def Info: ../figs/nlse_evolution_00.pdf  used on input line 305.
(pdftex.def)             Requested size: 260.34273pt x 195.26256pt.


pdfTeX warning: pdflatex (file ../figs/nlse_heatmap_00.pdf): PDF inclusion: found PDF version <1.7>, but at most version <1.5> allowed
<../figs/nlse_heatmap_00.pdf, id=189, 602.25pt x 451.6875pt>
File: ../figs/nlse_heatmap_00.pdf Graphic file (type pdf)
<use ../figs/nlse_heatmap_00.pdf>
Package pdftex.def Info: ../figs/nlse_heatmap_00.pdf  used on input line 311.
(pdftex.def)             Requested size: 260.34273pt x 195.26256pt.

LaTeX Warning: `!h' float specifier changed to `!ht'.



pdfTeX warning: pdflatex (file ../figs/nlse_evolution_step.pdf): PDF inclusion: found PDF version <1.7>, but at most version <1.5> allowed
<../figs/nlse_evolution_step.pdf, id=190, 602.25pt x 451.6875pt>
File: ../figs/nlse_evolution_step.pdf Graphic file (type pdf)
<use ../figs/nlse_evolution_step.pdf>
Package pdftex.def Info: ../figs/nlse_evolution_step.pdf  used on input line 319.
(pdftex.def)             Requested size: 260.34273pt x 195.26256pt.
[3 <../figs/lse_comparison_heatmap.pdf> <../figs/lse_comparison_lineplot.pdf

pdfTeX warning: pdflatex (file ../figs/lse_comparison_lineplot.pdf): PDF inclusion: multiple pdfs with page group included in a single page
> <../figs/nlse_evolution_00.pdf

pdfTeX warning: pdflatex (file ../figs/nlse_evolution_00.pdf): PDF inclusion: multiple pdfs with page group included in a single page
>]

pdfTeX warning: pdflatex (file ../figs/nlse_heatmap_step.pdf): PDF inclusion: found PDF version <1.7>, but at most version <1.5> allowed
<../figs/nlse_heatmap_step.pdf, id=273, 602.25pt x 451.6875pt>
File: ../figs/nlse_heatmap_step.pdf Graphic file (type pdf)
<use ../figs/nlse_heatmap_step.pdf>
Package pdftex.def Info: ../figs/nlse_heatmap_step.pdf  used on input line 326.
(pdftex.def)             Requested size: 260.34273pt x 195.26256pt.


pdfTeX warning: pdflatex (file ../figs/nlse_evolution_harmonic.pdf): PDF inclusion: found PDF version <1.7>, but at most version <1.5> allowed
<../figs/nlse_evolution_harmonic.pdf, id=278, 602.25pt x 451.6875pt>
File: ../figs/nlse_evolution_harmonic.pdf Graphic file (type pdf)
<use ../figs/nlse_evolution_harmonic.pdf>
Package pdftex.def Info: ../figs/nlse_evolution_harmonic.pdf  used on input line 352.
(pdftex.def)             Requested size: 260.34273pt x 195.26256pt.


pdfTeX warning: pdflatex (file ../figs/nlse_heatmap_harmonic.pdf): PDF inclusion: found PDF version <1.7>, but at most version <1.5> allowed
<../figs/nlse_heatmap_harmonic.pdf, id=279, 602.25pt x 451.6875pt>
File: ../figs/nlse_heatmap_harmonic.pdf Graphic file (type pdf)
<use ../figs/nlse_heatmap_harmonic.pdf>
Package pdftex.def Info: ../figs/nlse_heatmap_harmonic.pdf  used on input line 358.
(pdftex.def)             Requested size: 260.34273pt x 195.26256pt.
[4 <../figs/nlse_heatmap_00.pdf> <../figs/nlse_evolution_step.pdf

pdfTeX warning: pdflatex (file ../figs/nlse_evolution_step.pdf): PDF inclusion: multiple pdfs with page group included in a single page
> <../figs/nlse_heatmap_step.pdf

pdfTeX warning: pdflatex (file ../figs/nlse_heatmap_step.pdf): PDF inclusion: multiple pdfs with page group included in a single page
> <../figs/nlse_evolution_harmonic.pdf

pdfTeX warning: pdflatex (file ../figs/nlse_evolution_harmonic.pdf): PDF inclusion: multiple pdfs with page group included in a single page
> <../figs/nlse_heatmap_harmonic.pdf

pdfTeX warning: pdflatex (file ../figs/nlse_heatmap_harmonic.pdf): PDF inclusion: multiple pdfs with page group included in a single page
>]
Underfull \hbox (badness 10000) in paragraph at lines 367--367
[]\T1/cmr/bx/n/12 Normalized Non-lin-ear Frac-tional
 []


Package hyperref Warning: Token not allowed in a PDF string (Unicode):
(hyperref)                removing `math shift' on input line 392.


Package hyperref Warning: Token not allowed in a PDF string (Unicode):
(hyperref)                removing `\alpha' on input line 392.


Package hyperref Warning: Token not allowed in a PDF string (Unicode):
(hyperref)                removing `math shift' on input line 392.



pdfTeX warning: pdflatex (file ../figs/fnlse_evolution_00.pdf): PDF inclusion: found PDF version <1.7>, but at most version <1.5> allowed
<../figs/fnlse_evolution_00.pdf, id=404, 602.25pt x 451.6875pt>
File: ../figs/fnlse_evolution_00.pdf Graphic file (type pdf)
<use ../figs/fnlse_evolution_00.pdf>
Package pdftex.def Info: ../figs/fnlse_evolution_00.pdf  used on input line 396.
(pdftex.def)             Requested size: 260.34273pt x 195.26256pt.


pdfTeX warning: pdflatex (file ../figs/fnlse_heatmap_00.pdf): PDF inclusion: found PDF version <1.7>, but at most version <1.5> allowed
<../figs/fnlse_heatmap_00.pdf, id=405, 602.25pt x 451.6875pt>
File: ../figs/fnlse_heatmap_00.pdf Graphic file (type pdf)
<use ../figs/fnlse_heatmap_00.pdf>
Package pdftex.def Info: ../figs/fnlse_heatmap_00.pdf  used on input line 402.
(pdftex.def)             Requested size: 260.34273pt x 195.26256pt.

LaTeX Warning: `!h' float specifier changed to `!ht'.


Package hyperref Warning: Token not allowed in a PDF string (Unicode):
(hyperref)                removing `math shift' on input line 410.


Package hyperref Warning: Token not allowed in a PDF string (Unicode):
(hyperref)                removing `\alpha' on input line 410.


Package hyperref Warning: Token not allowed in a PDF string (Unicode):
(hyperref)                removing `math shift' on input line 410.



pdfTeX warning: pdflatex (file ../figs/fnlse_evolution_01.pdf): PDF inclusion: found PDF version <1.7>, but at most version <1.5> allowed
<../figs/fnlse_evolution_01.pdf, id=408, 602.25pt x 451.6875pt>
File: ../figs/fnlse_evolution_01.pdf Graphic file (type pdf)
<use ../figs/fnlse_evolution_01.pdf>
Package pdftex.def Info: ../figs/fnlse_evolution_01.pdf  used on input line 414.
(pdftex.def)             Requested size: 260.34273pt x 195.26256pt.

LaTeX Warning: `!h' float specifier changed to `!ht'.



pdfTeX warning: pdflatex (file ../figs/fnlse_heatmap_01.pdf): PDF inclusion: found PDF version <1.7>, but at most version <1.5> allowed
<../figs/fnlse_heatmap_01.pdf, id=409, 602.25pt x 451.6875pt>
File: ../figs/fnlse_heatmap_01.pdf Graphic file (type pdf)
<use ../figs/fnlse_heatmap_01.pdf>
Package pdftex.def Info: ../figs/fnlse_heatmap_01.pdf  used on input line 420.
(pdftex.def)             Requested size: 260.34273pt x 195.26256pt.

LaTeX Warning: `!h' float specifier changed to `!ht'.


Package hyperref Warning: Token not allowed in a PDF string (Unicode):
(hyperref)                removing `math shift' on input line 429.


Package hyperref Warning: Token not allowed in a PDF string (Unicode):
(hyperref)                removing `\alpha' on input line 429.


Package hyperref Warning: Token not allowed in a PDF string (Unicode):
(hyperref)                removing `math shift' on input line 429.



pdfTeX warning: pdflatex (file ../figs/fnlse_evolution_02.pdf): PDF inclusion: found PDF version <1.7>, but at most version <1.5> allowed
<../figs/fnlse_evolution_02.pdf, id=412, 602.25pt x 451.6875pt>
File: ../figs/fnlse_evolution_02.pdf Graphic file (type pdf)
<use ../figs/fnlse_evolution_02.pdf>
Package pdftex.def Info: ../figs/fnlse_evolution_02.pdf  used on input line 433.
(pdftex.def)             Requested size: 260.34273pt x 195.26256pt.

LaTeX Warning: Text page 5 contains only floats.

[5 <../figs/fnlse_evolution_00.pdf> <../figs/fnlse_heatmap_00.pdf

pdfTeX warning: pdflatex (file ../figs/fnlse_heatmap_00.pdf): PDF inclusion: multiple pdfs with page group included in a single page
> <../figs/fnlse_evolution_01.pdf

pdfTeX warning: pdflatex (file ../figs/fnlse_evolution_01.pdf): PDF inclusion: multiple pdfs with page group included in a single page
> <../figs/fnlse_heatmap_01.pdf

pdfTeX warning: pdflatex (file ../figs/fnlse_heatmap_01.pdf): PDF inclusion: multiple pdfs with page group included in a single page
>]

pdfTeX warning: pdflatex (file ../figs/fnlse_heatmap_02.pdf): PDF inclusion: found PDF version <1.7>, but at most version <1.5> allowed
<../figs/fnlse_heatmap_02.pdf, id=511, 602.25pt x 451.6875pt>
File: ../figs/fnlse_heatmap_02.pdf Graphic file (type pdf)
<use ../figs/fnlse_heatmap_02.pdf>
Package pdftex.def Info: ../figs/fnlse_heatmap_02.pdf  used on input line 439.
(pdftex.def)             Requested size: 260.34273pt x 195.26256pt.


pdfTeX warning: pdflatex (file ../figs/fnlse_evolution_har.pdf): PDF inclusion: found PDF version <1.7>, but at most version <1.5> allowed
<../figs/fnlse_evolution_har.pdf, id=514, 602.25pt x 451.6875pt>
File: ../figs/fnlse_evolution_har.pdf Graphic file (type pdf)
<use ../figs/fnlse_evolution_har.pdf>
Package pdftex.def Info: ../figs/fnlse_evolution_har.pdf  used on input line 452.
(pdftex.def)             Requested size: 260.34273pt x 195.26256pt.

LaTeX Warning: `!h' float specifier changed to `!ht'.



pdfTeX warning: pdflatex (file ../figs/fnlse_heatmap_har.pdf): PDF inclusion: found PDF version <1.7>, but at most version <1.5> allowed
<../figs/fnlse_heatmap_har.pdf, id=515, 602.25pt x 451.6875pt>
File: ../figs/fnlse_heatmap_har.pdf Graphic file (type pdf)
<use ../figs/fnlse_heatmap_har.pdf>
Package pdftex.def Info: ../figs/fnlse_heatmap_har.pdf  used on input line 458.
(pdftex.def)             Requested size: 260.34273pt x 195.26256pt.

Underfull \hbox (badness 10000) in paragraph at lines 477--480

 []



pdfTeX warning: pdflatex (file ../figs/fnlse_evolution_quar.pdf): PDF inclusion: found PDF version <1.7>, but at most version <1.5> allowed
<../figs/fnlse_evolution_quar.pdf, id=522, 602.25pt x 451.6875pt>
File: ../figs/fnlse_evolution_quar.pdf Graphic file (type pdf)
<use ../figs/fnlse_evolution_quar.pdf>
Package pdftex.def Info: ../figs/fnlse_evolution_quar.pdf  used on input line 483.
(pdftex.def)             Requested size: 260.34273pt x 195.26256pt.

LaTeX Warning: `!h' float specifier changed to `!ht'.



pdfTeX warning: pdflatex (file ../figs/fnlse_heatmap_quar.pdf): PDF inclusion: found PDF version <1.7>, but at most version <1.5> allowed
<../figs/fnlse_heatmap_quar.pdf, id=523, 602.25pt x 451.6875pt>
File: ../figs/fnlse_heatmap_quar.pdf Graphic file (type pdf)
<use ../figs/fnlse_heatmap_quar.pdf>
Package pdftex.def Info: ../figs/fnlse_heatmap_quar.pdf  used on input line 489.
(pdftex.def)             Requested size: 260.34273pt x 195.26256pt.

Underfull \hbox (badness 1546) in paragraph at lines 503--513
\T1/cmr/m/n/10 In this project, I im-ple-mented the Split-Step Fourier
 []


Underfull \hbox (badness 1960) in paragraph at lines 503--513
\T1/cmr/m/n/10 tech-nique for solv-ing time-dependent non-lin-ear par-tial
 []


Underfull \hbox (badness 10000) in paragraph at lines 503--513

 []


Underfull \vbox (badness 2080) has occurred while \output is active []

 [6 <../figs/fnlse_evolution_02.pdf> <../figs/fnlse_heatmap_02.pdf

pdfTeX warning: pdflatex (file ../figs/fnlse_heatmap_02.pdf): PDF inclusion: multiple pdfs with page group included in a single page
> <../figs/fnlse_evolution_har.pdf

pdfTeX warning: pdflatex (file ../figs/fnlse_evolution_har.pdf): PDF inclusion: multiple pdfs with page group included in a single page
> <../figs/fnlse_heatmap_har.pdf

pdfTeX warning: pdflatex (file ../figs/fnlse_heatmap_har.pdf): PDF inclusion: multiple pdfs with page group included in a single page
>]
Underfull \hbox (badness 10000) in paragraph at lines 514--517

 []

(report.bbl) [7 <../figs/fnlse_evolution_quar.pdf> <../figs/fnlse_heatmap_quar.pdf

pdfTeX warning: pdflatex (file ../figs/fnlse_heatmap_quar.pdf): PDF inclusion: multiple pdfs with page group included in a single page
>] (report.aux)
 ***********
LaTeX2e <2023-11-01> patch level 1
L3 programming layer <2024-04-11>
 ***********
Package rerunfilecheck Info: File `report.out' has not changed.
(rerunfilecheck)             Checksum: 45AB0D1B9F0ECAD49E9721E8557AB3BB;3537.
 ) 
Here is how much of TeX's memory you used:
 18974 strings out of 474370
 320145 string characters out of 5740535
 1954754 words of memory out of 5000000
 41027 multiletter control sequences out of 15000+600000
 576655 words of font info for 84 fonts, out of 8000000 for 9000
 1141 hyphenation exceptions out of 8191
 75i,14n,79p,514b,491s stack positions out of 10000i,1000n,20000p,200000b,200000s
<C:/Users/slyro/AppData/Local/Programs/MiKTeX/fonts/type1/public/amsfonts/cm/cmex10.pfb><C:/Users/slyro/AppData/Local/Programs/MiKTeX/fonts/type1/public/amsfonts/cm/cmmi10.pfb><C:/Users/slyro/AppData/Local/Programs/MiKTeX/fonts/type1/public/amsfonts/cm/cmmi7.pfb><C:/Users/slyro/AppData/Local/Programs/MiKTeX/fonts/type1/public/amsfonts/cm/cmmi8.pfb><C:/Users/slyro/AppData/Local/Programs/MiKTeX/fonts/type1/public/amsfonts/cm/cmr10.pfb><C:/Users/slyro/AppData/Local/Programs/MiKTeX/fonts/type1/public/amsfonts/cm/cmr5.pfb><C:/Users/slyro/AppData/Local/Programs/MiKTeX/fonts/type1/public/amsfonts/cm/cmr6.pfb><C:/Users/slyro/AppData/Local/Programs/MiKTeX/fonts/type1/public/amsfonts/cm/cmr7.pfb><C:/Users/slyro/AppData/Local/Programs/MiKTeX/fonts/type1/public/amsfonts/cm/cmsy10.pfb><C:/Users/slyro/AppData/Local/Programs/MiKTeX/fonts/type1/public/amsfonts/cm/cmsy7.pfb><C:/Users/slyro/AppData/Local/Programs/MiKTeX/fonts/type1/public/cm-super/sfbx0800.pfb><C:/Users/slyro/AppData/Local/Programs/MiKTeX/fonts/type1/public/cm-super/sfbx1000.pfb><C:/Users/slyro/AppData/Local/Programs/MiKTeX/fonts/type1/public/cm-super/sfbx1200.pfb><C:/Users/slyro/AppData/Local/Programs/MiKTeX/fonts/type1/public/cm-super/sfbx1440.pfb><C:/Users/slyro/AppData/Local/Programs/MiKTeX/fonts/type1/public/cm-super/sfbx2488.pfb><C:/Users/slyro/AppData/Local/Programs/MiKTeX/fonts/type1/public/cm-super/sfcc2488.pfb><C:/Users/slyro/AppData/Local/Programs/MiKTeX/fonts/type1/public/cm-super/sfrm0700.pfb><C:/Users/slyro/AppData/Local/Programs/MiKTeX/fonts/type1/public/cm-super/sfrm0800.pfb><C:/Users/slyro/AppData/Local/Programs/MiKTeX/fonts/type1/public/cm-super/sfrm1000.pfb><C:/Users/slyro/AppData/Local/Programs/MiKTeX/fonts/type1/public/cm-super/sfrm1200.pfb><C:/Users/slyro/AppData/Local/Programs/MiKTeX/fonts/type1/public/cm-super/sfrm1440.pfb><C:/Users/slyro/AppData/Local/Programs/MiKTeX/fonts/type1/public/cm-super/sfti1000.pfb>
Output written on report.pdf (8 pages, 1729572 bytes).
PDF statistics:
 787 PDF objects out of 1000 (max. 8388607)
 63 named destinations out of 1000 (max. 500000)
 226 words of extra memory for PDF output out of 10000 (max. 10000000)

